2020-07-20 10:09:29 +0000  Initial pipeline context: <IDEDistributionProcessingPipelineContext: 0x7fc0579119e0; archive(resolved)='<IDEArchive: 0x7fc05366a4a0>', distributionTask(resolved)='2', distributionDestination(resolved)='1', distributionMethod(resolved)='<IDEDistributionMethodiOSEnterprise: 0x7fc055f43ab0>', team(resolved)='<IDEProvisioningDisambiguatableBasicTeam: 0x7fc05467ca60; teamID='MD7N2N9MZ7', teamName='FTLife Insurance Company Limited', teamType='(null)', username='(null)', isFreeProvisioningTeam='0'>'>
	Chain (13, self inclusive):
	<IDEDistributionProcessingPipelineContext: 0x7fc0579119e0; archive = '<IDEArchive: 0x7fc05366a4a0>', distributionMethod='<IDEDistributionMethodiOSEnterprise: 0x7fc055f43ab0>', team='<IDEProvisioningDisambiguatableBasicTeam: 0x7fc05467ca60; teamID='MD7N2N9MZ7', teamName='FTLife Insurance Company Limited', teamType='(null)', username='(null)', isFreeProvisioningTeam='0'>'>
	<IDEDistributionProcessingPipelineContext: 0x7fc055fd3760; archive = '<IDEArchive: 0x7fc05366a4a0>', distributionMethod='<IDEDistributionMethodiOSEnterprise: 0x7fc055f43ab0>', team='<IDEProvisioningDisambiguatableBasicTeam: 0x7fc05467ca60; teamID='MD7N2N9MZ7', teamName='FTLife Insurance Company Limited', teamType='(null)', username='(null)', isFreeProvisioningTeam='0'>'>
	<IDEDistributionContext: 0x7fc058529370; archive = '<IDEArchive: 0x7fc05366a4a0>', distributionMethod='<IDEDistributionMethodiOSEnterprise: 0x7fc055f43ab0>', team='<IDEProvisioningDisambiguatableBasicTeam: 0x7fc05467ca60; teamID='MD7N2N9MZ7', teamName='FTLife Insurance Company Limited', teamType='(null)', username='(null)', isFreeProvisioningTeam='0'>'>
	<IDEDistributionContext: 0x7fc05be3ad30; archive = '<IDEArchive: 0x7fc05366a4a0>', distributionMethod='<IDEDistributionMethodiOSEnterprise: 0x7fc055f43ab0>', team='<IDEProvisioningDisambiguatableBasicTeam: 0x7fc05467ca60; teamID='MD7N2N9MZ7', teamName='FTLife Insurance Company Limited', teamType='(null)', username='(null)', isFreeProvisioningTeam='0'>'>
	<IDEDistributionContext: 0x7fc05be5b9e0; archive = '<IDEArchive: 0x7fc05366a4a0>', distributionMethod='<IDEDistributionMethodiOSEnterprise: 0x7fc055f43ab0>', team='<IDEProvisioningDisambiguatableBasicTeam: 0x7fc05467ca60; teamID='MD7N2N9MZ7', teamName='FTLife Insurance Company Limited', teamType='(null)', username='(null)', isFreeProvisioningTeam='0'>'>
	<IDEDistributionContext: 0x7fc05be635f0; archive = '<IDEArchive: 0x7fc05366a4a0>', distributionMethod='<IDEDistributionMethodiOSEnterprise: 0x7fc055f43ab0>', team='<IDEProvisioningDisambiguatableBasicTeam: 0x7fc05467ca60; teamID='MD7N2N9MZ7', teamName='FTLife Insurance Company Limited', teamType='(null)', username='(null)', isFreeProvisioningTeam='0'>'>
	<IDEDistributionContext: 0x7fc056f4e390; archive = '<IDEArchive: 0x7fc05366a4a0>', distributionMethod='<IDEDistributionMethodiOSEnterprise: 0x7fc055f43ab0>', team='<IDEProvisioningDisambiguatableBasicTeam: 0x7fc05467ca60; teamID='MD7N2N9MZ7', teamName='FTLife Insurance Company Limited', teamType='(null)', username='(null)', isFreeProvisioningTeam='0'>'>
	<IDEDistributionContext: 0x7fc056f86ad0; archive = '<IDEArchive: 0x7fc05366a4a0>', distributionMethod='<IDEDistributionMethodiOSEnterprise: 0x7fc055f43ab0>', team='<IDEProvisioningDisambiguatableBasicTeam: 0x7fc05467ca60; teamID='MD7N2N9MZ7', teamName='FTLife Insurance Company Limited', teamType='(null)', username='(null)', isFreeProvisioningTeam='0'>'>
	<IDEDistributionContext: 0x7fc056f9cb60; archive = '<IDEArchive: 0x7fc05366a4a0>', distributionMethod='<IDEDistributionMethodiOSEnterprise: 0x7fc055f43ab0>', team='<IDEProvisioningDisambiguatableBasicTeam: 0x7fc05467ca60; teamID='MD7N2N9MZ7', teamName='FTLife Insurance Company Limited', teamType='(null)', username='(null)', isFreeProvisioningTeam='0'>'>
	<IDEDistributionContext: 0x7fc056ff5f20; archive = '<IDEArchive: 0x7fc05366a4a0>', distributionMethod='<IDEDistributionMethodiOSEnterprise: 0x7fc055f43ab0>', team='(null)'>
	<IDEDistributionContext: 0x7fc056ff97e0; archive = '<IDEArchive: 0x7fc05366a4a0>', distributionMethod='<IDEDistributionMethodiOSEnterprise: 0x7fc055f43ab0>', team='(null)'>
	<IDEDistributionContext: 0x7fc056fd0d20; archive = '<IDEArchive: 0x7fc05366a4a0>', distributionMethod='<IDEDistributionMethodiOSEnterprise: 0x7fc055f43ab0>', team='(null)'>
	<IDEDistributionContext: 0x7fc05795d6e0; archive = '<IDEArchive: 0x7fc05366a4a0>', distributionMethod='(null)', team='(null)'>
</IDEDistributionProcessingPipelineContext: 0x7fc0579119e0>
2020-07-20 10:09:29 +0000  Processing step: IDEDistributionCreateDestRootStep
2020-07-20 10:09:29 +0000  Processing step: IDEDistributionCopyItemStep
2020-07-20 10:09:29 +0000  Running /usr/bin/ditto '-V' '/Users/martin/Library/Developer/Xcode/Archives/2020-07-20/業績看板 2020-7-20, 6.07 PM.xcarchive/Products/Applications/業績看板.app' '/var/folders/9q/f69qd2sn4xdb9xn99prbkn380000gn/T/XcodeDistPipeline.~~~OMjHW3/Root/Payload/業績看板.app'
2020-07-20 10:09:29 +0000  >>> Copying /Users/martin/Library/Developer/Xcode/Archives/2020-07-20/業績看板 2020-7-20, 6.07 PM.xcarchive/Products/Applications/業績看板.app 
2020-07-20 10:09:29 +0000  copying file ./_CodeSignature/CodeResources ... 
2020-07-20 10:09:29 +0000  15683 bytes for ./_CodeSignature/CodeResources
2020-07-20 10:09:29 +0000  copying file ./LaunchImage-1100-Portrait-2436h@3x.png ... 
2020-07-20 10:09:29 +0000  54381 bytes for ./LaunchImage-1100-Portrait-2436h@3x.png
2020-07-20 10:09:29 +0000  copying file ./MainViewController.nib ... 
2020-07-20 10:09:29 +0000  980 bytes for ./MainViewController.nib
copying file ./AppIcon60x60@2x.png ... 
2020-07-20 10:09:29 +0000  6485 bytes for ./AppIcon60x60@2x.png
copying file ./業績看板 ... 
2020-07-20 10:09:29 +0000  284704 bytes for ./業績看板
2020-07-20 10:09:29 +0000  copying file ./LaunchImage-800-667h@2x.png ... 
2020-07-20 10:09:29 +0000  24445 bytes for ./LaunchImage-800-667h@2x.png
2020-07-20 10:09:29 +0000  copying file ./LaunchImage-1200-Portrait-2688h@3x.png ... 
2020-07-20 10:09:29 +0000  69608 bytes for ./LaunchImage-1200-Portrait-2688h@3x.png
copying file ./config.xml ... 
2020-07-20 10:09:29 +0000  3509 bytes for ./config.xml
2020-07-20 10:09:29 +0000  copying file ./www/012cf6a10129e2275d79d6adac7f3b02.woff ... 
2020-07-20 10:09:29 +0000  57620 bytes for ./www/012cf6a10129e2275d79d6adac7f3b02.woff
2020-07-20 10:09:29 +0000  copying file ./www/292b6387a6f3d16399cb1e4874eafb14.svg ... 
2020-07-20 10:09:29 +0000  11085 bytes for ./www/292b6387a6f3d16399cb1e4874eafb14.svg
2020-07-20 10:09:29 +0000  copying file ./www/index.html ... 
2020-07-20 10:09:29 +0000  299 bytes for ./www/index.html
2020-07-20 10:09:29 +0000  copying file ./www/cordova.js ... 
2020-07-20 10:09:29 +0000  78123 bytes for ./www/cordova.js
2020-07-20 10:09:29 +0000  copying file ./www/plugins/cordova-plugin-ionic-webview/src/www/util.js ... 
2020-07-20 10:09:29 +0000  968 bytes for ./www/plugins/cordova-plugin-ionic-webview/src/www/util.js
2020-07-20 10:09:29 +0000  copying file ./www/plugins/cordova-plugin-ionic-webview/src/www/ios/ios-wkwebview-exec.js ... 
2020-07-20 10:09:29 +0000  6179 bytes for ./www/plugins/cordova-plugin-ionic-webview/src/www/ios/ios-wkwebview-exec.js
2020-07-20 10:09:29 +0000  copying file ./www/plugins/cordova-plugin-statusbar/www/statusbar.js ... 
2020-07-20 10:09:29 +0000  3376 bytes for ./www/plugins/cordova-plugin-statusbar/www/statusbar.js
2020-07-20 10:09:29 +0000  copying file ./www/plugins/cordova-plugin-splashscreen/www/splashscreen.js ... 
2020-07-20 10:09:29 +0000  1206 bytes for ./www/plugins/cordova-plugin-splashscreen/www/splashscreen.js
2020-07-20 10:09:29 +0000  copying file ./www/e79bfd88537def476913f3ed52f4f4b3.eot ... 
2020-07-20 10:09:29 +0000  143258 bytes for ./www/e79bfd88537def476913f3ed52f4f4b3.eot
copying file ./www/fd03ce47524089a12921d9912bf1f455.png ... 
2020-07-20 10:09:29 +0000  23843 bytes for ./www/fd03ce47524089a12921d9912bf1f455.png
copying file ./www/680cfbe4d5ac328b98d9c5b31184fe45.png ... 
2020-07-20 10:09:29 +0000  12356 bytes for ./www/680cfbe4d5ac328b98d9c5b31184fe45.png
2020-07-20 10:09:29 +0000  copying file ./www/e68cbaed1cb97c7e69bdc9d7bebd1b44.png ... 
2020-07-20 10:09:29 +0000  23274 bytes for ./www/e68cbaed1cb97c7e69bdc9d7bebd1b44.png
2020-07-20 10:09:29 +0000  copying file ./www/static/css/app.22a427aa6dc506af1b6d57549dbf5f52.css ... 
2020-07-20 10:09:29 +0000  227773 bytes for ./www/static/css/app.22a427aa6dc506af1b6d57549dbf5f52.css
2020-07-20 10:09:29 +0000  copying file ./www/static/js/vendor.7a0546e2c967202f5f6b.js ... 
2020-07-20 10:09:29 +0000  1843494 bytes for ./www/static/js/vendor.7a0546e2c967202f5f6b.js
2020-07-20 10:09:29 +0000  copying file ./www/static/js/app.f80f87085e5b9b262d74.js ... 
2020-07-20 10:09:29 +0000  491535 bytes for ./www/static/js/app.f80f87085e5b9b262d74.js
2020-07-20 10:09:29 +0000  copying file ./www/static/js/manifest.3ad1d5771e9b13dbdad2.js ... 
2020-07-20 10:09:29 +0000  800 bytes for ./www/static/js/manifest.3ad1d5771e9b13dbdad2.js
2020-07-20 10:09:29 +0000  copying file ./www/static/img/zj-business.e68cbae.png ... 
2020-07-20 10:09:29 +0000  23274 bytes for ./www/static/img/zj-business.e68cbae.png
copying file ./www/static/img/ftIndex.fd03ce4.png ... 
2020-07-20 10:09:29 +0000  23843 bytes for ./www/static/img/ftIndex.fd03ce4.png
2020-07-20 10:09:29 +0000  copying file ./www/static/img/iconfont.8a13a12.svg ... 
2020-07-20 10:09:29 +0000  11050 bytes for ./www/static/img/iconfont.8a13a12.svg
2020-07-20 10:09:29 +0000  copying file ./www/static/img/ja-bg.680cfbe.png ... 
2020-07-20 10:09:29 +0000  12356 bytes for ./www/static/img/ja-bg.680cfbe.png
2020-07-20 10:09:29 +0000  copying file ./www/static/img/zj-human.a8f5ec9.png ... 
2020-07-20 10:09:29 +0000  21965 bytes for ./www/static/img/zj-human.a8f5ec9.png
copying file ./www/static/img/ja-channel-bg.f2aea56.png ... 
2020-07-20 10:09:29 +0000  20651 bytes for ./www/static/img/ja-channel-bg.f2aea56.png
2020-07-20 10:09:29 +0000  copying file ./www/static/logo.png ... 
2020-07-20 10:09:29 +0000  23843 bytes for ./www/static/logo.png
2020-07-20 10:09:29 +0000  copying file ./www/static/fonts/MaterialIcons-Regular.012cf6a.woff ... 
2020-07-20 10:09:29 +0000  57620 bytes for ./www/static/fonts/MaterialIcons-Regular.012cf6a.woff
2020-07-20 10:09:29 +0000  copying file ./www/static/fonts/MaterialIcons-Regular.a37b0c0.ttf ... 
2020-07-20 10:09:29 +0000  128180 bytes for ./www/static/fonts/MaterialIcons-Regular.a37b0c0.ttf
copying file ./www/static/fonts/MaterialIcons-Regular.570eb83.woff2 ... 
2020-07-20 10:09:29 +0000  44300 bytes for ./www/static/fonts/MaterialIcons-Regular.570eb83.woff2
copying file ./www/static/fonts/MaterialIcons-Regular.e79bfd8.eot ... 
2020-07-20 10:09:29 +0000  143258 bytes for ./www/static/fonts/MaterialIcons-Regular.e79bfd8.eot
2020-07-20 10:09:29 +0000  copying file ./www/cordova-js-src/exec.js ... 
2020-07-20 10:09:29 +0000  8877 bytes for ./www/cordova-js-src/exec.js
2020-07-20 10:09:29 +0000  copying file ./www/cordova-js-src/plugin/ios/logger.js ... 
2020-07-20 10:09:29 +0000  10233 bytes for ./www/cordova-js-src/plugin/ios/logger.js
copying file ./www/cordova-js-src/plugin/ios/console.js ... 
2020-07-20 10:09:29 +0000  6822 bytes for ./www/cordova-js-src/plugin/ios/console.js
2020-07-20 10:09:29 +0000  copying file ./www/cordova-js-src/platform.js ... 
2020-07-20 10:09:29 +0000  1168 bytes for ./www/cordova-js-src/platform.js
2020-07-20 10:09:29 +0000  copying file ./www/f2aea56a63e32c450ad7db01606cc9f0.png ... 
2020-07-20 10:09:29 +0000  20651 bytes for ./www/f2aea56a63e32c450ad7db01606cc9f0.png
copying file ./www/cordova_plugins.js ... 
2020-07-20 10:09:29 +0000  1260 bytes for ./www/cordova_plugins.js
2020-07-20 10:09:29 +0000  copying file ./www/8a13a12338550975573b0021adcbc211.svg ... 
2020-07-20 10:09:29 +0000  11085 bytes for ./www/8a13a12338550975573b0021adcbc211.svg
copying file ./www/a8f5ec955c578f0b7cb6677bccb5a319.png ... 
2020-07-20 10:09:29 +0000  21965 bytes for ./www/a8f5ec955c578f0b7cb6677bccb5a319.png
copying file ./www/a37b0c01c0baf1888ca812cc0508f6e2.ttf ... 
2020-07-20 10:09:29 +0000  128180 bytes for ./www/a37b0c01c0baf1888ca812cc0508f6e2.ttf
2020-07-20 10:09:29 +0000  copying file ./www/570eb83859dc23dd0eec423a49e147fe.woff2 ... 
2020-07-20 10:09:29 +0000  44300 bytes for ./www/570eb83859dc23dd0eec423a49e147fe.woff2
2020-07-20 10:09:29 +0000  copying file ./www/wk-plugin.js ... 
2020-07-20 10:09:29 +0000  907 bytes for ./www/wk-plugin.js
copying file ./Assets.car ... 
2020-07-20 10:09:29 +0000  233704 bytes for ./Assets.car
2020-07-20 10:09:29 +0000  copying file ./AppIcon76x76@2x~ipad.png ... 
2020-07-20 10:09:29 +0000  8565 bytes for ./AppIcon76x76@2x~ipad.png
copying file ./LaunchImage-800-Portrait-736h@3x.png ... 
2020-07-20 10:09:29 +0000  57525 bytes for ./LaunchImage-800-Portrait-736h@3x.png
2020-07-20 10:09:29 +0000  copying file ./CDVLaunchScreen.storyboardc/01J-lp-oVM-view-Ze5-6b-2t3.nib ... 
2020-07-20 10:09:29 +0000  2328 bytes for ./CDVLaunchScreen.storyboardc/01J-lp-oVM-view-Ze5-6b-2t3.nib
copying file ./CDVLaunchScreen.storyboardc/UIViewController-01J-lp-oVM.nib ... 
2020-07-20 10:09:29 +0000  896 bytes for ./CDVLaunchScreen.storyboardc/UIViewController-01J-lp-oVM.nib
copying file ./CDVLaunchScreen.storyboardc/Info.plist ... 
2020-07-20 10:09:29 +0000  258 bytes for ./CDVLaunchScreen.storyboardc/Info.plist
2020-07-20 10:09:29 +0000  copying file ./LaunchImage-700@2x.png ... 
2020-07-20 10:09:29 +0000  22071 bytes for ./LaunchImage-700@2x.png
copying file ./LaunchImage-700-568h@2x.png ... 
2020-07-20 10:09:29 +0000  22749 bytes for ./LaunchImage-700-568h@2x.png
2020-07-20 10:09:29 +0000  copying file ./LaunchImage-1200-Portrait-1792h@2x.png ... 
2020-07-20 10:09:29 +0000  33363 bytes for ./LaunchImage-1200-Portrait-1792h@2x.png
copying file ./Info.plist ... 
2020-07-20 10:09:29 +0000  2150 bytes for ./Info.plist
copying file ./PkgInfo ... 
2020-07-20 10:09:29 +0000  8 bytes for ./PkgInfo
2020-07-20 10:09:29 +0000  /usr/bin/ditto exited with 0
2020-07-20 10:09:29 +0000  Processing step: IDEDistributionEmbedProfileStep
2020-07-20 10:09:29 +0000  Processing step: IDEDistributionInfoPlistStep
2020-07-20 10:09:29 +0000  Skipping step: IDEDistributionInfoPlistStep because it said so
2020-07-20 10:09:29 +0000  Processing step: IDEDistributionAppThinningPlistStep
2020-07-20 10:09:29 +0000  Skipping step: IDEDistributionAppThinningPlistStep because it said so
2020-07-20 10:09:29 +0000  Processing step: IDEDistributionCompileBitcodeStep
2020-07-20 10:09:29 +0000  Skipping step: IDEDistributionCompileBitcodeStep because it said so
2020-07-20 10:09:29 +0000  Processing step: IDEDistributionCodeSlimmingStep
2020-07-20 10:09:29 +0000  Processing step: IDEDistributionCopyBCSymbolMapsStep
2020-07-20 10:09:29 +0000  Skipping step: IDEDistributionCopyBCSymbolMapsStep because it said so
2020-07-20 10:09:29 +0000  Processing step: IDEDistributionSymbolsStep
2020-07-20 10:09:29 +0000  Skipping step: IDEDistributionSymbolsStep because it said so
2020-07-20 10:09:29 +0000  Processing step: IDEDistributionAppThinningStep
2020-07-20 10:09:29 +0000  Skipping step: IDEDistributionAppThinningStep because it said so
2020-07-20 10:09:29 +0000  Processing step: IDEDistributionArchThinningStep
2020-07-20 10:09:29 +0000  Running /Applications/Xcode.app/Contents/Developer/Toolchains/XcodeDefault.xctoolchain/usr/bin/lipo '/var/folders/9q/f69qd2sn4xdb9xn99prbkn380000gn/T/XcodeDistPipeline.~~~OMjHW3/Root/Payload/業績看板.app/業績看板' '-verify_arch' 'arm64e'
2020-07-20 10:09:29 +0000  /Applications/Xcode.app/Contents/Developer/Toolchains/XcodeDefault.xctoolchain/usr/bin/lipo exited with 1
2020-07-20 10:09:29 +0000  Skipping architecture thinning for item "業績看板" because arch "arm64e" wasn't found
2020-07-20 10:09:29 +0000  Processing step: IDEDistributionODRStep
2020-07-20 10:09:29 +0000  Processing step: IDEDistributionStripXattrsStep
2020-07-20 10:09:29 +0000  Running /usr/bin/xattr '-crs' '/var/folders/9q/f69qd2sn4xdb9xn99prbkn380000gn/T/XcodeDistPipeline.~~~OMjHW3/Root/Payload/業績看板.app'
2020-07-20 10:09:30 +0000  /usr/bin/xattr exited with 0
2020-07-20 10:09:30 +0000  Processing step: IDEDistributionCodesignStep
2020-07-20 10:09:30 +0000  Entitlements for <IDEDistributionItem: 0x7fc056c372b0; bundleID='hk.com.ftluat.das', path='<DVTFilePath:0x7fc05befa090:'/Users/martin/Library/Developer/Xcode/Archives/2020-07-20/業績看板 2020-7-20, 6.07 PM.xcarchive/Products/Applications/業績看板.app'>', codeSigningInfo='<_DVTCodeSigningInformation_Path: 0x7fc0558e1900; isSigned='1', isAdHocSigned='0', signingCertificate='<DVTSigningCertificate: 0x7fc056c9b020; name='iPhone Distribution: FTLife Insurance Company Limited', hash='D4D413671911F96506E97070F98760EC96F74446', serialNumber='71E7E3C419C26C3D', certificateKinds='(
    "1.2.840.113635.100.6.1.4"
), issueDate='2017-08-28 06:26:06 +0000''>', entitlements='{
    "application-identifier" = "MD7N2N9MZ7.hk.com.ftluat.das";
    "com.apple.developer.team-identifier" = MD7N2N9MZ7;
    "get-task-allow" = 0;
}', teamID='MD7N2N9MZ7', identifier='hk.com.ftluat.das', executablePath='<DVTFilePath:0x7fc056f4d950:'/Users/martin/Library/Developer/Xcode/Archives/2020-07-20/業績看板 2020-7-20, 6.07 PM.xcarchive/Products/Applications/業績看板.app/業績看板'>', hardenedRuntime='0'>'>: {
    "application-identifier" = "MD7N2N9MZ7.hk.com.ftluat.das";
    "com.apple.developer.team-identifier" = MD7N2N9MZ7;
    "get-task-allow" = 0;
}
2020-07-20 10:09:30 +0000  Writing entitlements for <IDEDistributionItem: 0x7fc056c372b0; bundleID='hk.com.ftluat.das', path='<DVTFilePath:0x7fc05befa090:'/Users/martin/Library/Developer/Xcode/Archives/2020-07-20/業績看板 2020-7-20, 6.07 PM.xcarchive/Products/Applications/業績看板.app'>', codeSigningInfo='<_DVTCodeSigningInformation_Path: 0x7fc0558e1900; isSigned='1', isAdHocSigned='0', signingCertificate='<DVTSigningCertificate: 0x7fc056f9ef10; name='iPhone Distribution: FTLife Insurance Company Limited', hash='D4D413671911F96506E97070F98760EC96F74446', serialNumber='71E7E3C419C26C3D', certificateKinds='(
    "1.2.840.113635.100.6.1.4"
), issueDate='2017-08-28 06:26:06 +0000''>', entitlements='{
    "application-identifier" = "MD7N2N9MZ7.hk.com.ftluat.das";
    "com.apple.developer.team-identifier" = MD7N2N9MZ7;
    "get-task-allow" = 0;
}', teamID='MD7N2N9MZ7', identifier='hk.com.ftluat.das', executablePath='<DVTFilePath:0x7fc056f4d950:'/Users/martin/Library/Developer/Xcode/Archives/2020-07-20/業績看板 2020-7-20, 6.07 PM.xcarchive/Products/Applications/業績看板.app/業績看板'>', hardenedRuntime='0'>'> to: /var/folders/9q/f69qd2sn4xdb9xn99prbkn380000gn/T/XcodeDistPipeline.~~~OMjHW3/entitlements~~~jlQd48
2020-07-20 10:09:30 +0000  Running /usr/bin/codesign '-vvv' '--force' '--sign' 'D4D413671911F96506E97070F98760EC96F74446' '--entitlements' '/var/folders/9q/f69qd2sn4xdb9xn99prbkn380000gn/T/XcodeDistPipeline.~~~OMjHW3/entitlements~~~jlQd48' '--preserve-metadata=identifier,flags,runtime' '/var/folders/9q/f69qd2sn4xdb9xn99prbkn380000gn/T/XcodeDistPipeline.~~~OMjHW3/Root/Payload/業績看板.app'
2020-07-20 10:09:30 +0000  /var/folders/9q/f69qd2sn4xdb9xn99prbkn380000gn/T/XcodeDistPipeline.~~~OMjHW3/Root/Payload/業績看板.app: replacing existing signature
2020-07-20 10:09:35 +0000  /var/folders/9q/f69qd2sn4xdb9xn99prbkn380000gn/T/XcodeDistPipeline.~~~OMjHW3/Root/Payload/業績看板.app: signed app bundle with Mach-O thin (arm64) [hk.com.ftluat.das]
2020-07-20 10:09:35 +0000  
2020-07-20 10:09:35 +0000  /usr/bin/codesign exited with 0
2020-07-20 10:09:35 +0000  Processing step: IDEDistributionZipODRItemStep
2020-07-20 10:09:35 +0000  Skipping step: IDEDistributionZipODRItemStep because it said so
2020-07-20 10:09:35 +0000  Processing step: IDEDistributionCreateIPAStep
2020-07-20 10:09:35 +0000  Running /usr/bin/ditto '-V' '-c' '-k' '--norsrc' '/var/folders/9q/f69qd2sn4xdb9xn99prbkn380000gn/T/XcodeDistPipeline.~~~OMjHW3/Root' '/var/folders/9q/f69qd2sn4xdb9xn99prbkn380000gn/T/XcodeDistPipeline.~~~OMjHW3/Packages/業績看板.ipa'
2020-07-20 10:09:35 +0000  >>> Copying /var/folders/9q/f69qd2sn4xdb9xn99prbkn380000gn/T/XcodeDistPipeline.~~~OMjHW3/Root 
2020-07-20 10:09:35 +0000  copying file ./Payload/業績看板.app/_CodeSignature/CodeResources ... 
2020-07-20 10:09:35 +0000  15917 bytes for ./Payload/業績看板.app/_CodeSignature/CodeResources
2020-07-20 10:09:35 +0000  copying file ./Payload/業績看板.app/LaunchImage-1100-Portrait-2436h@3x.png ... 
2020-07-20 10:09:36 +0000  54381 bytes for ./Payload/業績看板.app/LaunchImage-1100-Portrait-2436h@3x.png
2020-07-20 10:09:36 +0000  copying file ./Payload/業績看板.app/MainViewController.nib ... 
2020-07-20 10:09:36 +0000  980 bytes for ./Payload/業績看板.app/MainViewController.nib
copying file ./Payload/業績看板.app/AppIcon60x60@2x.png ... 
2020-07-20 10:09:36 +0000  6485 bytes for ./Payload/業績看板.app/AppIcon60x60@2x.png
2020-07-20 10:09:36 +0000  copying file ./Payload/業績看板.app/業績看板 ... 
2020-07-20 10:09:36 +0000  284704 bytes for ./Payload/業績看板.app/業績看板
copying file ./Payload/業績看板.app/LaunchImage-800-667h@2x.png ... 
2020-07-20 10:09:36 +0000  24445 bytes for ./Payload/業績看板.app/LaunchImage-800-667h@2x.png
2020-07-20 10:09:36 +0000  copying file ./Payload/業績看板.app/LaunchImage-1200-Portrait-2688h@3x.png ... 
2020-07-20 10:09:36 +0000  69608 bytes for ./Payload/業績看板.app/LaunchImage-1200-Portrait-2688h@3x.png
2020-07-20 10:09:36 +0000  copying file ./Payload/業績看板.app/config.xml ... 
2020-07-20 10:09:36 +0000  3509 bytes for ./Payload/業績看板.app/config.xml
2020-07-20 10:09:36 +0000  copying file ./Payload/業績看板.app/www/012cf6a10129e2275d79d6adac7f3b02.woff ... 
2020-07-20 10:09:36 +0000  57620 bytes for ./Payload/業績看板.app/www/012cf6a10129e2275d79d6adac7f3b02.woff
2020-07-20 10:09:36 +0000  copying file ./Payload/業績看板.app/www/292b6387a6f3d16399cb1e4874eafb14.svg ... 
2020-07-20 10:09:36 +0000  11085 bytes for ./Payload/業績看板.app/www/292b6387a6f3d16399cb1e4874eafb14.svg
2020-07-20 10:09:36 +0000  copying file ./Payload/業績看板.app/www/index.html ... 
299 bytes for ./Payload/業績看板.app/www/index.html
copying file ./Payload/業績看板.app/www/cordova.js ... 
2020-07-20 10:09:36 +0000  78123 bytes for ./Payload/業績看板.app/www/cordova.js
2020-07-20 10:09:36 +0000  copying file ./Payload/業績看板.app/www/plugins/cordova-plugin-ionic-webview/src/www/util.js ... 
2020-07-20 10:09:36 +0000  968 bytes for ./Payload/業績看板.app/www/plugins/cordova-plugin-ionic-webview/src/www/util.js
copying file ./Payload/業績看板.app/www/plugins/cordova-plugin-ionic-webview/src/www/ios/ios-wkwebview-exec.js ... 
2020-07-20 10:09:36 +0000  6179 bytes for ./Payload/業績看板.app/www/plugins/cordova-plugin-ionic-webview/src/www/ios/ios-wkwebview-exec.js
2020-07-20 10:09:36 +0000  copying file ./Payload/業績看板.app/www/plugins/cordova-plugin-statusbar/www/statusbar.js ... 
2020-07-20 10:09:36 +0000  3376 bytes for ./Payload/業績看板.app/www/plugins/cordova-plugin-statusbar/www/statusbar.js
2020-07-20 10:09:36 +0000  copying file ./Payload/業績看板.app/www/plugins/cordova-plugin-splashscreen/www/splashscreen.js ... 
2020-07-20 10:09:36 +0000  1206 bytes for ./Payload/業績看板.app/www/plugins/cordova-plugin-splashscreen/www/splashscreen.js
2020-07-20 10:09:36 +0000  copying file ./Payload/業績看板.app/www/e79bfd88537def476913f3ed52f4f4b3.eot ... 
2020-07-20 10:09:36 +0000  143258 bytes for ./Payload/業績看板.app/www/e79bfd88537def476913f3ed52f4f4b3.eot
2020-07-20 10:09:36 +0000  copying file ./Payload/業績看板.app/www/fd03ce47524089a12921d9912bf1f455.png ... 
2020-07-20 10:09:36 +0000  23843 bytes for ./Payload/業績看板.app/www/fd03ce47524089a12921d9912bf1f455.png
copying file ./Payload/業績看板.app/www/680cfbe4d5ac328b98d9c5b31184fe45.png ... 
2020-07-20 10:09:36 +0000  12356 bytes for ./Payload/業績看板.app/www/680cfbe4d5ac328b98d9c5b31184fe45.png
2020-07-20 10:09:36 +0000  copying file ./Payload/業績看板.app/www/e68cbaed1cb97c7e69bdc9d7bebd1b44.png ... 
2020-07-20 10:09:36 +0000  23274 bytes for ./Payload/業績看板.app/www/e68cbaed1cb97c7e69bdc9d7bebd1b44.png
2020-07-20 10:09:36 +0000  copying file ./Payload/業績看板.app/www/static/css/app.22a427aa6dc506af1b6d57549dbf5f52.css ... 
2020-07-20 10:09:36 +0000  227773 bytes for ./Payload/業績看板.app/www/static/css/app.22a427aa6dc506af1b6d57549dbf5f52.css
2020-07-20 10:09:36 +0000  copying file ./Payload/業績看板.app/www/static/js/vendor.7a0546e2c967202f5f6b.js ... 
2020-07-20 10:09:36 +0000  1843494 bytes for ./Payload/業績看板.app/www/static/js/vendor.7a0546e2c967202f5f6b.js
2020-07-20 10:09:36 +0000  copying file ./Payload/業績看板.app/www/static/js/app.f80f87085e5b9b262d74.js ... 
2020-07-20 10:09:36 +0000  491535 bytes for ./Payload/業績看板.app/www/static/js/app.f80f87085e5b9b262d74.js
2020-07-20 10:09:36 +0000  copying file ./Payload/業績看板.app/www/static/js/manifest.3ad1d5771e9b13dbdad2.js ... 
800 bytes for ./Payload/業績看板.app/www/static/js/manifest.3ad1d5771e9b13dbdad2.js
2020-07-20 10:09:36 +0000  copying file ./Payload/業績看板.app/www/static/img/zj-business.e68cbae.png ... 
2020-07-20 10:09:36 +0000  23274 bytes for ./Payload/業績看板.app/www/static/img/zj-business.e68cbae.png
copying file ./Payload/業績看板.app/www/static/img/ftIndex.fd03ce4.png ... 
2020-07-20 10:09:36 +0000  23843 bytes for ./Payload/業績看板.app/www/static/img/ftIndex.fd03ce4.png
2020-07-20 10:09:36 +0000  copying file ./Payload/業績看板.app/www/static/img/iconfont.8a13a12.svg ... 
2020-07-20 10:09:36 +0000  11050 bytes for ./Payload/業績看板.app/www/static/img/iconfont.8a13a12.svg
copying file ./Payload/業績看板.app/www/static/img/ja-bg.680cfbe.png ... 
2020-07-20 10:09:36 +0000  12356 bytes for ./Payload/業績看板.app/www/static/img/ja-bg.680cfbe.png
copying file ./Payload/業績看板.app/www/static/img/zj-human.a8f5ec9.png ... 
2020-07-20 10:09:36 +0000  21965 bytes for ./Payload/業績看板.app/www/static/img/zj-human.a8f5ec9.png
copying file ./Payload/業績看板.app/www/static/img/ja-channel-bg.f2aea56.png ... 
2020-07-20 10:09:36 +0000  20651 bytes for ./Payload/業績看板.app/www/static/img/ja-channel-bg.f2aea56.png
2020-07-20 10:09:36 +0000  copying file ./Payload/業績看板.app/www/static/logo.png ... 
2020-07-20 10:09:36 +0000  23843 bytes for ./Payload/業績看板.app/www/static/logo.png
2020-07-20 10:09:36 +0000  copying file ./Payload/業績看板.app/www/static/fonts/MaterialIcons-Regular.012cf6a.woff ... 
2020-07-20 10:09:36 +0000  57620 bytes for ./Payload/業績看板.app/www/static/fonts/MaterialIcons-Regular.012cf6a.woff
2020-07-20 10:09:36 +0000  copying file ./Payload/業績看板.app/www/static/fonts/MaterialIcons-Regular.a37b0c0.ttf ... 
2020-07-20 10:09:36 +0000  128180 bytes for ./Payload/業績看板.app/www/static/fonts/MaterialIcons-Regular.a37b0c0.ttf
copying file ./Payload/業績看板.app/www/static/fonts/MaterialIcons-Regular.570eb83.woff2 ... 
2020-07-20 10:09:36 +0000  44300 bytes for ./Payload/業績看板.app/www/static/fonts/MaterialIcons-Regular.570eb83.woff2
2020-07-20 10:09:36 +0000  copying file ./Payload/業績看板.app/www/static/fonts/MaterialIcons-Regular.e79bfd8.eot ... 
2020-07-20 10:09:36 +0000  143258 bytes for ./Payload/業績看板.app/www/static/fonts/MaterialIcons-Regular.e79bfd8.eot
2020-07-20 10:09:36 +0000  copying file ./Payload/業績看板.app/www/cordova-js-src/exec.js ... 
2020-07-20 10:09:36 +0000  8877 bytes for ./Payload/業績看板.app/www/cordova-js-src/exec.js
2020-07-20 10:09:36 +0000  copying file ./Payload/業績看板.app/www/cordova-js-src/plugin/ios/logger.js ... 
2020-07-20 10:09:36 +0000  10233 bytes for ./Payload/業績看板.app/www/cordova-js-src/plugin/ios/logger.js
2020-07-20 10:09:36 +0000  copying file ./Payload/業績看板.app/www/cordova-js-src/plugin/ios/console.js ... 
2020-07-20 10:09:36 +0000  6822 bytes for ./Payload/業績看板.app/www/cordova-js-src/plugin/ios/console.js
2020-07-20 10:09:36 +0000  copying file ./Payload/業績看板.app/www/cordova-js-src/platform.js ... 
2020-07-20 10:09:36 +0000  1168 bytes for ./Payload/業績看板.app/www/cordova-js-src/platform.js
2020-07-20 10:09:36 +0000  copying file ./Payload/業績看板.app/www/f2aea56a63e32c450ad7db01606cc9f0.png ... 
2020-07-20 10:09:36 +0000  20651 bytes for ./Payload/業績看板.app/www/f2aea56a63e32c450ad7db01606cc9f0.png
2020-07-20 10:09:36 +0000  copying file ./Payload/業績看板.app/www/cordova_plugins.js ... 
1260 bytes for ./Payload/業績看板.app/www/cordova_plugins.js
2020-07-20 10:09:36 +0000  copying file ./Payload/業績看板.app/www/8a13a12338550975573b0021adcbc211.svg ... 
2020-07-20 10:09:36 +0000  11085 bytes for ./Payload/業績看板.app/www/8a13a12338550975573b0021adcbc211.svg
2020-07-20 10:09:36 +0000  copying file ./Payload/業績看板.app/www/a8f5ec955c578f0b7cb6677bccb5a319.png ... 
2020-07-20 10:09:36 +0000  21965 bytes for ./Payload/業績看板.app/www/a8f5ec955c578f0b7cb6677bccb5a319.png
2020-07-20 10:09:36 +0000  copying file ./Payload/業績看板.app/www/a37b0c01c0baf1888ca812cc0508f6e2.ttf ... 
2020-07-20 10:09:36 +0000  128180 bytes for ./Payload/業績看板.app/www/a37b0c01c0baf1888ca812cc0508f6e2.ttf
2020-07-20 10:09:36 +0000  copying file ./Payload/業績看板.app/www/570eb83859dc23dd0eec423a49e147fe.woff2 ... 
2020-07-20 10:09:36 +0000  44300 bytes for ./Payload/業績看板.app/www/570eb83859dc23dd0eec423a49e147fe.woff2
2020-07-20 10:09:36 +0000  copying file ./Payload/業績看板.app/www/wk-plugin.js ... 
907 bytes for ./Payload/業績看板.app/www/wk-plugin.js
copying file ./Payload/業績看板.app/Assets.car ... 
2020-07-20 10:09:36 +0000  233704 bytes for ./Payload/業績看板.app/Assets.car
2020-07-20 10:09:36 +0000  copying file ./Payload/業績看板.app/AppIcon76x76@2x~ipad.png ... 
2020-07-20 10:09:36 +0000  8565 bytes for ./Payload/業績看板.app/AppIcon76x76@2x~ipad.png
copying file ./Payload/業績看板.app/LaunchImage-800-Portrait-736h@3x.png ... 
2020-07-20 10:09:36 +0000  57525 bytes for ./Payload/業績看板.app/LaunchImage-800-Portrait-736h@3x.png
2020-07-20 10:09:36 +0000  copying file ./Payload/業績看板.app/CDVLaunchScreen.storyboardc/01J-lp-oVM-view-Ze5-6b-2t3.nib ... 
2020-07-20 10:09:36 +0000  2328 bytes for ./Payload/業績看板.app/CDVLaunchScreen.storyboardc/01J-lp-oVM-view-Ze5-6b-2t3.nib
copying file ./Payload/業績看板.app/CDVLaunchScreen.storyboardc/UIViewController-01J-lp-oVM.nib ... 
2020-07-20 10:09:36 +0000  896 bytes for ./Payload/業績看板.app/CDVLaunchScreen.storyboardc/UIViewController-01J-lp-oVM.nib
copying file ./Payload/業績看板.app/CDVLaunchScreen.storyboardc/Info.plist ... 
258 bytes for ./Payload/業績看板.app/CDVLaunchScreen.storyboardc/Info.plist
2020-07-20 10:09:36 +0000  copying file ./Payload/業績看板.app/LaunchImage-700@2x.png ... 
2020-07-20 10:09:36 +0000  22071 bytes for ./Payload/業績看板.app/LaunchImage-700@2x.png
2020-07-20 10:09:36 +0000  copying file ./Payload/業績看板.app/LaunchImage-700-568h@2x.png ... 
2020-07-20 10:09:36 +0000  22749 bytes for ./Payload/業績看板.app/LaunchImage-700-568h@2x.png
copying file ./Payload/業績看板.app/LaunchImage-1200-Portrait-1792h@2x.png ... 
2020-07-20 10:09:36 +0000  33363 bytes for ./Payload/業績看板.app/LaunchImage-1200-Portrait-1792h@2x.png
copying file ./Payload/業績看板.app/embedded.mobileprovision ... 
2020-07-20 10:09:36 +0000  7569 bytes for ./Payload/業績看板.app/embedded.mobileprovision
copying file ./Payload/業績看板.app/Info.plist ... 
2020-07-20 10:09:36 +0000  2150 bytes for ./Payload/業績看板.app/Info.plist
2020-07-20 10:09:36 +0000  copying file ./Payload/業績看板.app/PkgInfo ... 
8 bytes for ./Payload/業績看板.app/PkgInfo
2020-07-20 10:09:36 +0000  /usr/bin/ditto exited with 0
2020-07-20 10:09:36 +0000  Processing step: IDEDistributionAppStoreInformationStep
2020-07-20 10:09:36 +0000  Skipping step: IDEDistributionAppStoreInformationStep because it said so
2020-07-20 10:09:36 +0000  Processing step: IDEDistributionGenerateProcessedDistributionItems
2020-07-20 10:09:36 +0000  Processing step: IDEDistributionCreateManifestStep
